<?xml version="1.0" encoding="UTF-8" ?>
<testsuite tests="7" failures="7" name="com.alticelabs.ccp.prototype.NextCommandDeciderTest" time="0.002" errors="0" skipped="0">
  <properties>
[...]
</properties>
  <testcase classname="com.alticelabs.ccp.prototype.NextCommandDeciderTest" name="com.alticelabs.ccp.prototype.NextCommandDeciderTest.testStep1WithOkStatus" time="0.002">
    <failure message="com/alticelabs/ccp/prototype/ServiceCriteriaStrategy" type="java.lang.NoClassDefFoundError">java.lang.NoClassDefFoundError: com/alticelabs/ccp/prototype/ServiceCriteriaStrategy
	at com.alticelabs.ccp.prototype.NextCommandDecider.setupStrategies(NextCommandDecider.java:39)
	at com.alticelabs.ccp.prototype.NextCommandDecider.&lt;init&gt;(NextCommandDecider.java:16)
	at com.alticelabs.ccp.prototype.NextCommandDeciderTest.testStep1WithOkStatus(NextCommandDeciderTest.java:20)
Caused by: java.lang.ClassNotFoundException: com.alticelabs.ccp.prototype.ServiceCriteriaStrategy
	at java.base/jdk.internal.loader.BuiltinClassLoader.loadClass(BuiltinClassLoader.java:641)
	at java.base/jdk.internal.loader.ClassLoaders$AppClassLoader.loadClass(ClassLoaders.java:188)
	at java.base/java.lang.ClassLoader.loadClass(ClassLoader.java:520)
	... 21 more
</failure>
  </testcase>
  <testcase classname="com.alticelabs.ccp.prototype.NextCommandDeciderTest" name="com.alticelabs.ccp.prototype.NextCommandDeciderTest.testStep1WithNotOkStatus" time="0">
    <failure message="com/alticelabs/ccp/prototype/ServiceCriteriaStrategy" type="java.lang.NoClassDefFoundError">java.lang.NoClassDefFoundError: com/alticelabs/ccp/prototype/ServiceCriteriaStrategy
	at com.alticelabs.ccp.prototype.NextCommandDecider.setupStrategies(NextCommandDecider.java:39)
	at com.alticelabs.ccp.prototype.NextCommandDecider.&lt;init&gt;(NextCommandDecider.java:16)
	at com.alticelabs.ccp.prototype.NextCommandDeciderTest.testStep1WithNotOkStatus(NextCommandDeciderTest.java:40)
Caused by: java.lang.ClassNotFoundException: com.alticelabs.ccp.prototype.ServiceCriteriaStrategy
	... 21 more
</failure>
  </testcase>
  <testcase classname="com.alticelabs.ccp.prototype.NextCommandDeciderTest" name="com.alticelabs.ccp.prototype.NextCommandDeciderTest.testStep2WithOkStatus" time="0">
    <failure message="com/alticelabs/ccp/prototype/ServiceCriteriaStrategy" type="java.lang.NoClassDefFoundError">java.lang.NoClassDefFoundError: com/alticelabs/ccp/prototype/ServiceCriteriaStrategy
	at com.alticelabs.ccp.prototype.NextCommandDecider.setupStrategies(NextCommandDecider.java:39)
	at com.alticelabs.ccp.prototype.NextCommandDecider.&lt;init&gt;(NextCommandDecider.java:16)
	at com.alticelabs.ccp.prototype.NextCommandDeciderTest.testStep2WithOkStatus(NextCommandDeciderTest.java:48)
Caused by: java.lang.ClassNotFoundException: com.alticelabs.ccp.prototype.ServiceCriteriaStrategy
	... 21 more
</failure>
  </testcase>
  <testcase classname="com.alticelabs.ccp.prototype.NextCommandDeciderTest" name="com.alticelabs.ccp.prototype.NextCommandDeciderTest.testStep2WithNotOkStatus" time="0">
    <failure message="com/alticelabs/ccp/prototype/ServiceCriteriaStrategy" type="java.lang.NoClassDefFoundError">java.lang.NoClassDefFoundError: com/alticelabs/ccp/prototype/ServiceCriteriaStrategy
	at com.alticelabs.ccp.prototype.NextCommandDecider.setupStrategies(NextCommandDecider.java:39)
	at com.alticelabs.ccp.prototype.NextCommandDecider.&lt;init&gt;(NextCommandDecider.java:16)
	at com.alticelabs.ccp.prototype.NextCommandDeciderTest.testStep2WithNotOkStatus(NextCommandDeciderTest.java:56)
Caused by: java.lang.ClassNotFoundException: com.alticelabs.ccp.prototype.ServiceCriteriaStrategy
	... 21 more
</failure>
  </testcase>
  <testcase classname="com.alticelabs.ccp.prototype.NextCommandDeciderTest" name="com.alticelabs.ccp.prototype.NextCommandDeciderTest.testStep3WithOkStatus" time="0">
    <failure message="com/alticelabs/ccp/prototype/ServiceCriteriaStrategy" type="java.lang.NoClassDefFoundError">java.lang.NoClassDefFoundError: com/alticelabs/ccp/prototype/ServiceCriteriaStrategy
	at com.alticelabs.ccp.prototype.NextCommandDecider.setupStrategies(NextCommandDecider.java:39)
	at com.alticelabs.ccp.prototype.NextCommandDecider.&lt;init&gt;(NextCommandDecider.java:16)
	at com.alticelabs.ccp.prototype.NextCommandDeciderTest.testStep3WithOkStatus(NextCommandDeciderTest.java:64)
Caused by: java.lang.ClassNotFoundException: com.alticelabs.ccp.prototype.ServiceCriteriaStrategy
	... 21 more
</failure>
  </testcase>
  <testcase classname="com.alticelabs.ccp.prototype.NextCommandDeciderTest" name="com.alticelabs.ccp.prototype.NextCommandDeciderTest.testStep3WithNotOkStatus" time="0">
    <failure message="com/alticelabs/ccp/prototype/ServiceCriteriaStrategy" type="java.lang.NoClassDefFoundError">java.lang.NoClassDefFoundError: com/alticelabs/ccp/prototype/ServiceCriteriaStrategy
	at com.alticelabs.ccp.prototype.NextCommandDecider.setupStrategies(NextCommandDecider.java:39)
	at com.alticelabs.ccp.prototype.NextCommandDecider.&lt;init&gt;(NextCommandDecider.java:16)
	at com.alticelabs.ccp.prototype.NextCommandDeciderTest.testStep3WithNotOkStatus(NextCommandDeciderTest.java:72)
Caused by: java.lang.ClassNotFoundException: com.alticelabs.ccp.prototype.ServiceCriteriaStrategy
	... 21 more
</failure>
  </testcase>
  <testcase classname="com.alticelabs.ccp.prototype.NextCommandDeciderTest" name="com.alticelabs.ccp.prototype.NextCommandDeciderTest.testUnknownStep" time="0">
    <failure message="com/alticelabs/ccp/prototype/ServiceCriteriaStrategy" type="java.lang.NoClassDefFoundError">java.lang.NoClassDefFoundError: com/alticelabs/ccp/prototype/ServiceCriteriaStrategy
	at com.alticelabs.ccp.prototype.NextCommandDecider.setupStrategies(NextCommandDecider.java:39)
	at com.alticelabs.ccp.prototype.NextCommandDecider.&lt;init&gt;(NextCommandDecider.java:16)
	at com.alticelabs.ccp.prototype.NextCommandDeciderTest.testUnknownStep(NextCommandDeciderTest.java:80)
Caused by: java.lang.ClassNotFoundException: com.alticelabs.ccp.prototype.ServiceCriteriaStrategy
	... 21 more
</failure>
  </testcase>
</testsuite>